
03-05 07:30:18.797  29388-29388/? E/InputEventModelImpl﹕ onStartInput event aborted: com.touchtype.keyboard.inputeventmodel.ExtractedTextUnavailableException: could not obtain extracted text (class com.touchtype.keyboard.inputeventmodel.ExtractedTextUnavailableException)
03-05 07:30:18.827  29388-29388/? I/Choreographer﹕ Skipped 184 frames!  The application may be doing too much work on its main thread.
03-05 07:30:18.847  29388-29400/? W/Binder﹕ Caught a RuntimeException from the binder stub implementation.
    java.lang.NullPointerException
            at android.inputmethodservice.IInputMethodWrapper.setSessionEnabled(IInputMethodWrapper.java:280)
            at com.android.internal.view.IInputMethod$Stub.onTransact(IInputMethod.java:129)
            at android.os.Binder.execTransact(Binder.java:404)
            at dalvik.system.NativeStart.run(Native Method)
03-05 07:30:18.957  29388-29392/? D/dalvikvm﹕ GC_CONCURRENT freed 887K, 20% free 19567K/24408K, paused 3ms+3ms, total 37ms
03-05 07:30:19.247  21318-26746/? E/com.parse.push.connection﹕ could not construct writer
    java.net.SocketException: sendto failed: EPIPE (Broken pipe)
            at libcore.io.IoBridge.maybeThrowAfterSendto(IoBridge.java:499)
            at libcore.io.IoBridge.sendto(IoBridge.java:468)
            at java.net.PlainSocketImpl.write(PlainSocketImpl.java:507)
            at java.net.PlainSocketImpl.access$100(PlainSocketImpl.java:46)
            at java.net.PlainSocketImpl$PlainSocketOutputStream.write(PlainSocketImpl.java:269)
            at java.io.OutputStreamWriter.flushBytes(OutputStreamWriter.java:167)
            at java.io.OutputStreamWriter.convert(OutputStreamWriter.java:181)
            at java.io.OutputStreamWriter.write(OutputStreamWriter.java:324)
            at java.io.Writer.write(Writer.java:141)
            at com.parse.do.a(Unknown Source)
            at com.parse.PushService.a(Unknown Source)
            at com.parse.PushService.f(Unknown Source)
            at com.parse.PushService.d(Unknown Source)
            at com.parse.ds.a(Unknown Source)
            at com.parse.ds.a(Unknown Source)
            at com.parse.e.c.call(Unknown Source)
            at java.util.concurrent.FutureTask.run(FutureTask.java:237)
            at java.util.concurrent.ThreadPoolExecutor.runWorker(ThreadPoolExecutor.java:1112)
            at java.util.concurrent.ThreadPoolExecutor$Worker.run(ThreadPoolExecutor.java:587)
            at java.lang.Thread.run(Thread.java:841)
     Caused by: libcore.io.ErrnoException: sendto failed: EPIPE (Broken pipe)
            at libcore.io.Posix.sendtoBytes(Native Method)
            at libcore.io.Posix.sendto(Posix.java:156)
            at libcore.io.BlockGuardOs.sendto(BlockGuardOs.java:177)
            at libcore.io.IoBridge.sendto(IoBridge.java:466)
            at java.net.PlainSocketImpl.write(PlainSocketImpl.java:507)
            at java.net.PlainSocketImpl.access$100(PlainSocketImpl.java:46)
            at java.net.PlainSocketImpl$PlainSocketOutputStream.write(PlainSocketImpl.java:269)
            at java.io.OutputStreamWriter.flushBytes(OutputStreamWriter.java:167)
            at java.io.OutputStreamWriter.convert(OutputStreamWriter.java:181)
            at java.io.OutputStreamWriter.write(OutputStreamWriter.java:324)
            at java.io.Writer.write(Writer.java:141)
            at com.parse.do.a(Unknown Source)
            at com.parse.PushService.a(Unknown Source)
            at com.parse.PushService.f(Unknown Source)
            at com.parse.PushService.d(Unknown Source)
            at com.parse.ds.a(Unknown Source)
            at com.parse.ds.a(Unknown Source)
            at com.parse.e.c.call(Unknown Source)
            at java.util.concurrent.FutureTask.run(FutureTask.java:237)
            at java.util.concurrent.ThreadPoolExecutor.runWorker(ThreadPoolExecutor.java:1112)
            at java.util.concurrent.ThreadPoolExecutor$Worker.run(ThreadPoolExecutor.java:587)
            at java.lang.Thread.run(Thread.java:841)
03-05 07:30:19.277      819-843/? D/dalvikvm﹕ GC_EXPLICIT freed 2631K, 27% free 46089K/62944K, paused 2ms+6ms, total 115ms
03-05 07:30:29.137    819-26228/? E/qcom_sensors_hal﹕ hal_process_report_ind: Bad item quality: 11
03-05 07:30:31.307    2138-2157/? V/QcrilMsgTunnelSocket﹕ After reading offset = 0 remaining = 4 countRead = 4